Citroen C3 Tendance MT 2016 Vermelho - 2016
http://rj.olx.com.br/serra-angra-dos-reis-e-regiao/veiculos-e-pecas/carros/citroen-c3-tendance-mt-2016-vermelho-433261142
10.000 km | Câmbio: manual | Flex
R$ 39.900
08/01/2018 21:59

Vw - Volkswagen Fox - IPVA GRÁTIS - Venha Nos Conhecer - 2015
http://rj.olx.com.br/rio-de-janeiro-e-regiao/veiculos-e-pecas/carros/vw-volkswagen-fox-ipva-gratis-venha-nos-conhecer-434547540
19.000 km | Câmbio: manual | Flex
R$ 35.900
08/01/2018 21:57

VW Up 2017 Run 1.0 12v completo na garantia - 2017
http://rj.olx.com.br/rio-de-janeiro-e-regiao/veiculos-e-pecas/carros/vw-up-2017-run-1-0-12v-completo-na-garantia-435130402
18.000 km | Câmbio: manual | Flex
R$ 38.900
08/01/2018 21:33

VW Up 2017 Run 1.0 12v completo na garantia - 2017
http://rj.olx.com.br/rio-de-janeiro-e-regiao/veiculos-e-pecas/carros/vw-up-2017-run-1-0-12v-completo-na-garantia-435130402
18.000 km | Câmbio: manual | Flex
R$ 38.900
08/01/2018 21:33

FOX 1.0 TL 2016  Manual - 2015
http://rj.olx.com.br/rio-de-janeiro-e-regiao/veiculos-e-pecas/carros/fox-1-0-tl-2016-manual-429807815
17.680 km | Câmbio: manual | Flex
R$ 37.900
08/01/2018 21:15

Ford Ka SE 1.0 - Black Friday ! - 2017
http://rj.olx.com.br/rio-de-janeiro-e-regiao/veiculos-e-pecas/carros/ford-ka-se-1-0-black-friday-435419105
18.953 km | Câmbio: manual | Flex
R$ 37.900
08/01/2018 21:07

Hyundai HB20S Comfort Style 1.0 - 2015 - 2015
http://rj.olx.com.br/rio-de-janeiro-e-regiao/veiculos-e-pecas/carros/hyundai-hb20s-comfort-style-1-0-2015-435418283
20.000 km | Câmbio: manual | Flex
R$ 40.000
08/01/2018 21:06

Hb20 1.6 - 2017
http://rj.olx.com.br/rio-de-janeiro-e-regiao/veiculos-e-pecas/carros/hb20-1-6-422803188
11.000 km | Câmbio: manual | Flex
R$ 34.999
08/01/2018 20:36

Nissan Versa 2017 1.0 raridade completo - 2017
http://rj.olx.com.br/rio-de-janeiro-e-regiao/veiculos-e-pecas/carros/nissan-versa-2017-1-0-raridade-completo-435406971
16.000 km | Câmbio: manual | Flex
R$ 38.900
08/01/2018 20:18

Vendo Grande Siena - 2015
http://rj.olx.com.br/rio-de-janeiro-e-regiao/veiculos-e-pecas/carros/vendo-grande-siena-435406565
17.800 km | Câmbio: manual | Flex
R$ 35.500
08/01/2018 20:15

Clio 1.0 2016 APROVAMOS COM SCORE BAIXO - 2016
http://rj.olx.com.br/rio-de-janeiro-e-regiao/veiculos-e-pecas/carros/clio-1-0-2016-aprovamos-com-score-baixo-435396569
17.952 km | Câmbio: manual | Flex
R$ 22.900
08/01/2018 19:51

Renault Logan - 2016
http://rj.olx.com.br/rio-de-janeiro-e-regiao/veiculos-e-pecas/carros/renault-logan-429988284
20.000 km | Câmbio: manual | Flex
R$ 34.900
08/01/2018 19:48

Fiat Uno Atractive 2017 - 2017
http://rj.olx.com.br/rio-de-janeiro-e-regiao/veiculos-e-pecas/carros/fiat-uno-atractive-2017-413281576
10.900 km | Câmbio: manual | Flex
R$ 32.900
08/01/2018 19:32

Volkswagen Gol 1.0 12v mpi totalflex trendline 4p manual - 2017
http://rj.olx.com.br/rio-de-janeiro-e-regiao/veiculos-e-pecas/carros/volkswagen-gol-1-0-12v-mpi-totalflex-trendline-4p-manual-435251475
7.200 km | Câmbio: manual | Flex
R$ 30.220
08/01/2018 19:22

Palio Attractive 1.0 - 2017
http://rj.olx.com.br/rio-de-janeiro-e-regiao/veiculos-e-pecas/carros/palio-attractive-1-0-435384052
14.900 km | Câmbio: manual | Flex
R$ 33.500
08/01/2018 19:20

Renault Logan Dynamique 1.6 Flex 15/16 - Azzurra - 2016
http://rj.olx.com.br/rio-de-janeiro-e-regiao/veiculos-e-pecas/carros/renault-logan-dynamique-1-6-flex-15-16-azzurra-434174027
18.372 km | Câmbio: manual | Flex
R$ 36.900
08/01/2018 19:03

Renault Logan Dynamique 1.6 Flex 15/16 - Azzurra - 2016
http://rj.olx.com.br/rio-de-janeiro-e-regiao/veiculos-e-pecas/carros/renault-logan-dynamique-1-6-flex-15-16-azzurra-434174027
18.372 km | Câmbio: manual | Flex
R$ 36.900
08/01/2018 19:03

FIAT PALIO 1.0 MPI FIRE 8V FLEX 4P MANUAL. - 2015
http://rj.olx.com.br/rio-de-janeiro-e-regiao/veiculos-e-pecas/carros/fiat-palio-1-0-mpi-fire-8v-flex-4p-manual-434327130
15.803 km | Câmbio: manual | Flex
R$ 26.990
08/01/2018 18:40

Kia Picanto EX automatico 18.000km - 2015
http://rj.olx.com.br/rio-de-janeiro-e-regiao/veiculos-e-pecas/carros/kia-picanto-ex-automatico-18-000km-429462384
18.000 km | Câmbio: automático | Flex
R$ 38.900
08/01/2018 18:39

GM - Chevrolet PRISMA 2015/2015 - 2015
http://rj.olx.com.br/serra-angra-dos-reis-e-regiao/veiculos-e-pecas/carros/gm-chevrolet-prisma-2015-2015-394516067
18.455 km | Câmbio: manual | Flex
R$ 37.900
08/01/2018 18:36

CHEVROLET ONIX 2016/2017 1.0 MPFI JOY 8V FLEX 4P MANUAL - 2017
http://rj.olx.com.br/rio-de-janeiro-e-regiao/veiculos-e-pecas/carros/chevrolet-onix-2016-2017-1-0-mpfi-joy-8v-flex-4p-manual-397828869
10.307 km | Câmbio: manual | Flex
R$ 36.600
08/01/2018 18:36

Renault Clio Completão, Apenas 18 mil rodados Confira - 2016
http://rj.olx.com.br/rio-de-janeiro-e-regiao/veiculos-e-pecas/carros/renault-clio-completao-apenas-18-mil-rodados-confira-435346374
18.000 km | Câmbio: manual | Flex
R$ 25.900
08/01/2018 17:58

Vw - Volkswagen Fox 1.6 - 2015
http://rj.olx.com.br/rio-de-janeiro-e-regiao/veiculos-e-pecas/carros/vw-volkswagen-fox-1-6-435340021
20.000 km | Câmbio: manual | Flex
R$ 32.990
08/01/2018 17:49

Ford Ka 2015, 20 mil km - 2015
http://rj.olx.com.br/rio-de-janeiro-e-regiao/veiculos-e-pecas/carros/ford-ka-2015-20-mil-km-424874796
20.000 km | Câmbio: manual | Flex
R$ 30.900
08/01/2018 17:27

Ford Ka se 1.0 2017 completo(37.900) - 2017
http://rj.olx.com.br/rio-de-janeiro-e-regiao/veiculos-e-pecas/carros/ford-ka-se-1-0-2017-completo-37-900-435329506
9.000 km | Câmbio: manual | Flex
R$ 37.900
08/01/2018 17:16

Ford Ka se 1.0 2017 completo(37.900) - 2017
http://rj.olx.com.br/rio-de-janeiro-e-regiao/veiculos-e-pecas/carros/ford-ka-se-1-0-2017-completo-37-900-435329506
9.000 km | Câmbio: manual | Flex
R$ 37.900
08/01/2018 17:16

Fiat Siena - 2015
http://rj.olx.com.br/rio-de-janeiro-e-regiao/veiculos-e-pecas/carros/fiat-siena-435327461
15.000 km | Câmbio: manual | Flex
R$ 28.000
08/01/2018 17:07

Ford Ka se 1.0 2017 completo(37.900) - 2017
http://rj.olx.com.br/rio-de-janeiro-e-regiao/veiculos-e-pecas/carros/ford-ka-se-1-0-2017-completo-37-900-435327850
9.000 km | Câmbio: manual | Flex
R$ 37.900
08/01/2018 17:07

Renault Sandero - 2015
http://rj.olx.com.br/rio-de-janeiro-e-regiao/veiculos-e-pecas/carros/renault-sandero-432875480
12.000 km | Câmbio: manual | Flex
R$ 32.000
08/01/2018 16:17

Fiat Mobi 2017 Evo Way / 13.000 km / 48X de 680,00 - IPVA 2018 Cortesia - 2017
http://rj.olx.com.br/rio-de-janeiro-e-regiao/veiculos-e-pecas/carros/fiat-mobi-2017-evo-way-13-000-km-48x-de-680-00-ipva-2018-cortesia-435316847
13.000 km | Câmbio: manual | Flex
R$ 33.900
08/01/2018 15:48

HB20 confortLINE 2015 - 2015
http://rj.olx.com.br/rio-de-janeiro-e-regiao/veiculos-e-pecas/carros/hb20-confortline-2015-435312654
19.858 km | Câmbio: automático | Flex
R$ 36.800
08/01/2018 15:41

CHEVROLET ONIX 2015/2015 1.0 MPFI LT 8V FLEX 4P MANUAL - 2015
http://rj.olx.com.br/rio-de-janeiro-e-regiao/veiculos-e-pecas/carros/chevrolet-onix-2015-2015-1-0-mpfi-lt-8v-flex-4p-manual-433497169
13.709 km | Câmbio: manual | Flex
R$ 36.990
08/01/2018 15:38

Gm - Chevrolet Onix - 2016
http://rj.olx.com.br/rio-de-janeiro-e-regiao/veiculos-e-pecas/carros/gm-chevrolet-onix-435308782
16.000 km | Câmbio: manual | Gás Natural
R$ 29.900
08/01/2018 15:32

Volkswagen Gol 1.0 12v mpi totalflex trendline 4p manual - 2017
http://rj.olx.com.br/rio-de-janeiro-e-regiao/veiculos-e-pecas/carros/volkswagen-gol-1-0-12v-mpi-totalflex-trendline-4p-manual-410431124
15.800 km | Câmbio: manual | Flex
R$ 35.990
08/01/2018 15:28

Fiat Palio com ou sem entrada - 2016
http://rj.olx.com.br/rio-de-janeiro-e-regiao/veiculos-e-pecas/carros/fiat-palio-com-ou-sem-entrada-424004964
6.523 km | Câmbio: manual | Flex
R$ 31.900
08/01/2018 15:26

FIAT UNO 2016/2017 1.0 FIREFLY FLEX ATTRACTIVE 4P MANUAL - 2017
http://rj.olx.com.br/rio-de-janeiro-e-regiao/veiculos-e-pecas/carros/fiat-uno-2016-2017-1-0-firefly-flex-attractive-4p-manual-327839894
15.509 km | Câmbio: manual | Flex
R$ 35.500
08/01/2018 14:42

FIAT UNO 2016/2017 1.0 FIREFLY FLEX ATTRACTIVE 4P MANUAL - 2017
http://rj.olx.com.br/rio-de-janeiro-e-regiao/veiculos-e-pecas/carros/fiat-uno-2016-2017-1-0-firefly-flex-attractive-4p-manual-327839894
15.509 km | Câmbio: manual | Flex
R$ 35.500
08/01/2018 14:42

Jac J2 - 2015
http://rj.olx.com.br/rio-de-janeiro-e-regiao/veiculos-e-pecas/carros/jac-j2-425421257
9.000 km | Câmbio: manual | Gasolina
R$ 23.990
08/01/2018 14:41

Fiat Uno 1.0 firefly flex attractive 4p manual - 2017
http://rj.olx.com.br/rio-de-janeiro-e-regiao/veiculos-e-pecas/carros/fiat-uno-1-0-firefly-flex-attractive-4p-manual-405676119
16.722 km | Câmbio: manual | Flex
R$ 36.990
08/01/2018 14:37

Volkswagen Gol Rock In Rio - 2016
http://rj.olx.com.br/rio-de-janeiro-e-regiao/veiculos-e-pecas/carros/volkswagen-gol-rock-in-rio-434560514
20.000 km | Câmbio: manual | Flex
R$ 35.900
08/01/2018 14:22

Onix - 2016
http://rj.olx.com.br/rio-de-janeiro-e-regiao/veiculos-e-pecas/carros/onix-435275831
7.500 km | Câmbio: manual | Flex
R$ 35.900
08/01/2018 14:19

Hyundai Hb20 Na Garantia Com 10.200 km rodados - 2017
http://rj.olx.com.br/rio-de-janeiro-e-regiao/veiculos-e-pecas/carros/hyundai-hb20-na-garantia-com-10-200-km-rodados-408064328
10.000 km | Câmbio: manual | Flex
R$ 38.500
08/01/2018 14:12

Picanto 16 automático - 2016
http://rj.olx.com.br/rio-de-janeiro-e-regiao/veiculos-e-pecas/carros/picanto-16-automatico-425551456
9.800 km | Câmbio: automático | Flex
R$ 36.500
08/01/2018 14:12

Hyundai Hb20 - 2017
http://rj.olx.com.br/rio-de-janeiro-e-regiao/veiculos-e-pecas/carros/hyundai-hb20-435267944
20.000 km | Câmbio: manual | Flex
R$ 39.000
08/01/2018 14:05

Renault logan 1.0 2017 flex - 2017
http://rj.olx.com.br/rio-de-janeiro-e-regiao/veiculos-e-pecas/carros/renault-logan-1-0-2017-flex-435262829
13.000 km | Câmbio: manual | Flex
R$ 38.000
08/01/2018 13:56

Fiat Palio 1.0 2016/ 2016 - 2016
http://rj.olx.com.br/norte-do-estado-do-rio/veiculos-e-pecas/carros/fiat-palio-1-0-2016-2016-433768430
12.000 km | Câmbio: manual | Flex
R$ 35.900
08/01/2018 13:54

MARCH SV 1.6 16V FLEX FUEL - 2016
http://rj.olx.com.br/rio-de-janeiro-e-regiao/veiculos-e-pecas/carros/march-sv-1-6-16v-flex-fuel-435224243
17.775 km | Câmbio: manual | Flex
R$ 38.100
08/01/2018 13:44

HB 20 - 2016 - Só 8.314 km - 2016
http://rj.olx.com.br/rio-de-janeiro-e-regiao/veiculos-e-pecas/carros/hb-20-2016-so-8-314-km-420458636
8.314 km | Câmbio: manual | Flex
R$ 34.500
08/01/2018 13:35

Fiat Palio 2015/2015 - 2015
http://rj.olx.com.br/norte-do-estado-do-rio/veiculos-e-pecas/carros/fiat-palio-2015-2015-414271219
6.000 km | Câmbio: manual | Flex
R$ 26.000
08/01/2018 12:55

Fiat Palio 1.6 mpi sporting 16v flex 4p manual - 2015
http://rj.olx.com.br/serra-angra-dos-reis-e-regiao/veiculos-e-pecas/carros/fiat-palio-1-6-mpi-sporting-16v-flex-4p-manual-427587570
13.000 km | Câmbio: manual | Flex
R$ 39.900
08/01/2018 12:45

Citroen C3 Tendance MT 2016 Vermelho - 2016
http://rj.olx.com.br/serra-angra-dos-reis-e-regiao/veiculos-e-pecas/carros/citroen-c3-tendance-mt-2016-vermelho-433261142
10.000 km | Câmbio: manual | Flex
R$ 39.900
08/01/2018 21:59

Vw - Volkswagen Fox - IPVA GRÁTIS - Venha Nos Conhecer - 2015
http://rj.olx.com.br/rio-de-janeiro-e-regiao/veiculos-e-pecas/carros/vw-volkswagen-fox-ipva-gratis-venha-nos-conhecer-434547540
19.000 km | Câmbio: manual | Flex
R$ 35.900
08/01/2018 21:57

VW Up 2017 Run 1.0 12v completo na garantia - 2017
http://rj.olx.com.br/rio-de-janeiro-e-regiao/veiculos-e-pecas/carros/vw-up-2017-run-1-0-12v-completo-na-garantia-435130402
18.000 km | Câmbio: manual | Flex
R$ 38.900
08/01/2018 21:33

VW Up 2017 Run 1.0 12v completo na garantia - 2017
http://rj.olx.com.br/rio-de-janeiro-e-regiao/veiculos-e-pecas/carros/vw-up-2017-run-1-0-12v-completo-na-garantia-435130402
18.000 km | Câmbio: manual | Flex
R$ 38.900
08/01/2018 21:33

FOX 1.0 TL 2016  Manual - 2015
http://rj.olx.com.br/rio-de-janeiro-e-regiao/veiculos-e-pecas/carros/fox-1-0-tl-2016-manual-429807815
17.680 km | Câmbio: manual | Flex
R$ 37.900
08/01/2018 21:15

Ford Ka SE 1.0 - Black Friday ! - 2017
http://rj.olx.com.br/rio-de-janeiro-e-regiao/veiculos-e-pecas/carros/ford-ka-se-1-0-black-friday-435419105
18.953 km | Câmbio: manual | Flex
R$ 37.900
08/01/2018 21:07

Hyundai HB20S Comfort Style 1.0 - 2015 - 2015
http://rj.olx.com.br/rio-de-janeiro-e-regiao/veiculos-e-pecas/carros/hyundai-hb20s-comfort-style-1-0-2015-435418283
20.000 km | Câmbio: manual | Flex
R$ 40.000
08/01/2018 21:06

Hb20 1.6 - 2017
http://rj.olx.com.br/rio-de-janeiro-e-regiao/veiculos-e-pecas/carros/hb20-1-6-422803188
11.000 km | Câmbio: manual | Flex
R$ 34.999
08/01/2018 20:36

Nissan Versa 2017 1.0 raridade completo - 2017
http://rj.olx.com.br/rio-de-janeiro-e-regiao/veiculos-e-pecas/carros/nissan-versa-2017-1-0-raridade-completo-435406971
16.000 km | Câmbio: manual | Flex
R$ 38.900
08/01/2018 20:18

Vendo Grande Siena - 2015
http://rj.olx.com.br/rio-de-janeiro-e-regiao/veiculos-e-pecas/carros/vendo-grande-siena-435406565
17.800 km | Câmbio: manual | Flex
R$ 35.500
08/01/2018 20:15

Clio 1.0 2016 APROVAMOS COM SCORE BAIXO - 2016
http://rj.olx.com.br/rio-de-janeiro-e-regiao/veiculos-e-pecas/carros/clio-1-0-2016-aprovamos-com-score-baixo-435396569
17.952 km | Câmbio: manual | Flex
R$ 22.900
08/01/2018 19:51

Renault Logan - 2016
http://rj.olx.com.br/rio-de-janeiro-e-regiao/veiculos-e-pecas/carros/renault-logan-429988284
20.000 km | Câmbio: manual | Flex
R$ 34.900
08/01/2018 19:48

Fiat Uno Atractive 2017 - 2017
http://rj.olx.com.br/rio-de-janeiro-e-regiao/veiculos-e-pecas/carros/fiat-uno-atractive-2017-413281576
10.900 km | Câmbio: manual | Flex
R$ 32.900
08/01/2018 19:32

Volkswagen Gol 1.0 12v mpi totalflex trendline 4p manual - 2017
http://rj.olx.com.br/rio-de-janeiro-e-regiao/veiculos-e-pecas/carros/volkswagen-gol-1-0-12v-mpi-totalflex-trendline-4p-manual-435251475
7.200 km | Câmbio: manual | Flex
R$ 30.220
08/01/2018 19:22

Palio Attractive 1.0 - 2017
http://rj.olx.com.br/rio-de-janeiro-e-regiao/veiculos-e-pecas/carros/palio-attractive-1-0-435384052
14.900 km | Câmbio: manual | Flex
R$ 33.500
08/01/2018 19:20

Renault Logan Dynamique 1.6 Flex 15/16 - Azzurra - 2016
http://rj.olx.com.br/rio-de-janeiro-e-regiao/veiculos-e-pecas/carros/renault-logan-dynamique-1-6-flex-15-16-azzurra-434174027
18.372 km | Câmbio: manual | Flex
R$ 36.900
08/01/2018 19:03

Renault Logan Dynamique 1.6 Flex 15/16 - Azzurra - 2016
http://rj.olx.com.br/rio-de-janeiro-e-regiao/veiculos-e-pecas/carros/renault-logan-dynamique-1-6-flex-15-16-azzurra-434174027
18.372 km | Câmbio: manual | Flex
R$ 36.900
08/01/2018 19:03

FIAT PALIO 1.0 MPI FIRE 8V FLEX 4P MANUAL. - 2015
http://rj.olx.com.br/rio-de-janeiro-e-regiao/veiculos-e-pecas/carros/fiat-palio-1-0-mpi-fire-8v-flex-4p-manual-434327130
15.803 km | Câmbio: manual | Flex
R$ 26.990
08/01/2018 18:40

Kia Picanto EX automatico 18.000km - 2015
http://rj.olx.com.br/rio-de-janeiro-e-regiao/veiculos-e-pecas/carros/kia-picanto-ex-automatico-18-000km-429462384
18.000 km | Câmbio: automático | Flex
R$ 38.900
08/01/2018 18:39

GM - Chevrolet PRISMA 2015/2015 - 2015
http://rj.olx.com.br/serra-angra-dos-reis-e-regiao/veiculos-e-pecas/carros/gm-chevrolet-prisma-2015-2015-394516067
18.455 km | Câmbio: manual | Flex
R$ 37.900
08/01/2018 18:36

CHEVROLET ONIX 2016/2017 1.0 MPFI JOY 8V FLEX 4P MANUAL - 2017
http://rj.olx.com.br/rio-de-janeiro-e-regiao/veiculos-e-pecas/carros/chevrolet-onix-2016-2017-1-0-mpfi-joy-8v-flex-4p-manual-397828869
10.307 km | Câmbio: manual | Flex
R$ 36.600
08/01/2018 18:36

Renault Clio Completão, Apenas 18 mil rodados Confira - 2016
http://rj.olx.com.br/rio-de-janeiro-e-regiao/veiculos-e-pecas/carros/renault-clio-completao-apenas-18-mil-rodados-confira-435346374
18.000 km | Câmbio: manual | Flex
R$ 25.900
08/01/2018 17:58

Vw - Volkswagen Fox 1.6 - 2015
http://rj.olx.com.br/rio-de-janeiro-e-regiao/veiculos-e-pecas/carros/vw-volkswagen-fox-1-6-435340021
20.000 km | Câmbio: manual | Flex
R$ 32.990
08/01/2018 17:49

Ford Ka 2015, 20 mil km - 2015
http://rj.olx.com.br/rio-de-janeiro-e-regiao/veiculos-e-pecas/carros/ford-ka-2015-20-mil-km-424874796
20.000 km | Câmbio: manual | Flex
R$ 30.900
08/01/2018 17:27

Ford Ka se 1.0 2017 completo(37.900) - 2017
http://rj.olx.com.br/rio-de-janeiro-e-regiao/veiculos-e-pecas/carros/ford-ka-se-1-0-2017-completo-37-900-435329506
9.000 km | Câmbio: manual | Flex
R$ 37.900
08/01/2018 17:16

Ford Ka se 1.0 2017 completo(37.900) - 2017
http://rj.olx.com.br/rio-de-janeiro-e-regiao/veiculos-e-pecas/carros/ford-ka-se-1-0-2017-completo-37-900-435329506
9.000 km | Câmbio: manual | Flex
R$ 37.900
08/01/2018 17:16

Fiat Siena - 2015
http://rj.olx.com.br/rio-de-janeiro-e-regiao/veiculos-e-pecas/carros/fiat-siena-435327461
15.000 km | Câmbio: manual | Flex
R$ 28.000
08/01/2018 17:07

Ford Ka se 1.0 2017 completo(37.900) - 2017
http://rj.olx.com.br/rio-de-janeiro-e-regiao/veiculos-e-pecas/carros/ford-ka-se-1-0-2017-completo-37-900-435327850
9.000 km | Câmbio: manual | Flex
R$ 37.900
08/01/2018 17:07

Renault Sandero - 2015
http://rj.olx.com.br/rio-de-janeiro-e-regiao/veiculos-e-pecas/carros/renault-sandero-432875480
12.000 km | Câmbio: manual | Flex
R$ 32.000
08/01/2018 16:17

Fiat Mobi 2017 Evo Way / 13.000 km / 48X de 680,00 - IPVA 2018 Cortesia - 2017
http://rj.olx.com.br/rio-de-janeiro-e-regiao/veiculos-e-pecas/carros/fiat-mobi-2017-evo-way-13-000-km-48x-de-680-00-ipva-2018-cortesia-435316847
13.000 km | Câmbio: manual | Flex
R$ 33.900
08/01/2018 15:48

HB20 confortLINE 2015 - 2015
http://rj.olx.com.br/rio-de-janeiro-e-regiao/veiculos-e-pecas/carros/hb20-confortline-2015-435312654
19.858 km | Câmbio: automático | Flex
R$ 36.800
08/01/2018 15:41

CHEVROLET ONIX 2015/2015 1.0 MPFI LT 8V FLEX 4P MANUAL - 2015
http://rj.olx.com.br/rio-de-janeiro-e-regiao/veiculos-e-pecas/carros/chevrolet-onix-2015-2015-1-0-mpfi-lt-8v-flex-4p-manual-433497169
13.709 km | Câmbio: manual | Flex
R$ 36.990
08/01/2018 15:38

Gm - Chevrolet Onix - 2016
http://rj.olx.com.br/rio-de-janeiro-e-regiao/veiculos-e-pecas/carros/gm-chevrolet-onix-435308782
16.000 km | Câmbio: manual | Gás Natural
R$ 29.900
08/01/2018 15:32

Volkswagen Gol 1.0 12v mpi totalflex trendline 4p manual - 2017
http://rj.olx.com.br/rio-de-janeiro-e-regiao/veiculos-e-pecas/carros/volkswagen-gol-1-0-12v-mpi-totalflex-trendline-4p-manual-410431124
15.800 km | Câmbio: manual | Flex
R$ 35.990
08/01/2018 15:28

Fiat Palio com ou sem entrada - 2016
http://rj.olx.com.br/rio-de-janeiro-e-regiao/veiculos-e-pecas/carros/fiat-palio-com-ou-sem-entrada-424004964
6.523 km | Câmbio: manual | Flex
R$ 31.900
08/01/2018 15:26

FIAT UNO 2016/2017 1.0 FIREFLY FLEX ATTRACTIVE 4P MANUAL - 2017
http://rj.olx.com.br/rio-de-janeiro-e-regiao/veiculos-e-pecas/carros/fiat-uno-2016-2017-1-0-firefly-flex-attractive-4p-manual-327839894
15.509 km | Câmbio: manual | Flex
R$ 35.500
08/01/2018 14:42

FIAT UNO 2016/2017 1.0 FIREFLY FLEX ATTRACTIVE 4P MANUAL - 2017
http://rj.olx.com.br/rio-de-janeiro-e-regiao/veiculos-e-pecas/carros/fiat-uno-2016-2017-1-0-firefly-flex-attractive-4p-manual-327839894
15.509 km | Câmbio: manual | Flex
R$ 35.500
08/01/2018 14:42

Jac J2 - 2015
http://rj.olx.com.br/rio-de-janeiro-e-regiao/veiculos-e-pecas/carros/jac-j2-425421257
9.000 km | Câmbio: manual | Gasolina
R$ 23.990
08/01/2018 14:41

Fiat Uno 1.0 firefly flex attractive 4p manual - 2017
http://rj.olx.com.br/rio-de-janeiro-e-regiao/veiculos-e-pecas/carros/fiat-uno-1-0-firefly-flex-attractive-4p-manual-405676119
16.722 km | Câmbio: manual | Flex
R$ 36.990
08/01/2018 14:37

Volkswagen Gol Rock In Rio - 2016
http://rj.olx.com.br/rio-de-janeiro-e-regiao/veiculos-e-pecas/carros/volkswagen-gol-rock-in-rio-434560514
20.000 km | Câmbio: manual | Flex
R$ 35.900
08/01/2018 14:22

Onix - 2016
http://rj.olx.com.br/rio-de-janeiro-e-regiao/veiculos-e-pecas/carros/onix-435275831
7.500 km | Câmbio: manual | Flex
R$ 35.900
08/01/2018 14:19

Hyundai Hb20 Na Garantia Com 10.200 km rodados - 2017
http://rj.olx.com.br/rio-de-janeiro-e-regiao/veiculos-e-pecas/carros/hyundai-hb20-na-garantia-com-10-200-km-rodados-408064328
10.000 km | Câmbio: manual | Flex
R$ 38.500
08/01/2018 14:12

Picanto 16 automático - 2016
http://rj.olx.com.br/rio-de-janeiro-e-regiao/veiculos-e-pecas/carros/picanto-16-automatico-425551456
9.800 km | Câmbio: automático | Flex
R$ 36.500
08/01/2018 14:12

Hyundai Hb20 - 2017
http://rj.olx.com.br/rio-de-janeiro-e-regiao/veiculos-e-pecas/carros/hyundai-hb20-435267944
20.000 km | Câmbio: manual | Flex
R$ 39.000
08/01/2018 14:05

Renault logan 1.0 2017 flex - 2017
http://rj.olx.com.br/rio-de-janeiro-e-regiao/veiculos-e-pecas/carros/renault-logan-1-0-2017-flex-435262829
13.000 km | Câmbio: manual | Flex
R$ 38.000
08/01/2018 13:56

Fiat Palio 1.0 2016/ 2016 - 2016
http://rj.olx.com.br/norte-do-estado-do-rio/veiculos-e-pecas/carros/fiat-palio-1-0-2016-2016-433768430
12.000 km | Câmbio: manual | Flex
R$ 35.900
08/01/2018 13:54

MARCH SV 1.6 16V FLEX FUEL - 2016
http://rj.olx.com.br/rio-de-janeiro-e-regiao/veiculos-e-pecas/carros/march-sv-1-6-16v-flex-fuel-435224243
17.775 km | Câmbio: manual | Flex
R$ 38.100
08/01/2018 13:44

HB 20 - 2016 - Só 8.314 km - 2016
http://rj.olx.com.br/rio-de-janeiro-e-regiao/veiculos-e-pecas/carros/hb-20-2016-so-8-314-km-420458636
8.314 km | Câmbio: manual | Flex
R$ 34.500
08/01/2018 13:35

Fiat Palio 2015/2015 - 2015
http://rj.olx.com.br/norte-do-estado-do-rio/veiculos-e-pecas/carros/fiat-palio-2015-2015-414271219
6.000 km | Câmbio: manual | Flex
R$ 26.000
08/01/2018 12:55

Fiat Palio 1.6 mpi sporting 16v flex 4p manual - 2015
http://rj.olx.com.br/serra-angra-dos-reis-e-regiao/veiculos-e-pecas/carros/fiat-palio-1-6-mpi-sporting-16v-flex-4p-manual-427587570
13.000 km | Câmbio: manual | Flex
R$ 39.900
08/01/2018 12:45

Vw - Volkswagen Voyage 1.6 Trendline Única dona, Pouco rodado Top - 2016
http://rj.olx.com.br/rio-de-janeiro-e-regiao/veiculos-e-pecas/carros/vw-volkswagen-voyage-1-6-trendline-unica-dona-pouco-rodado-top-431684892
14.000 km | Câmbio: manual | Flex
R$ 37.800
08/01/2018 11:55

J3 TURIN S 1.5 JETFLEX 2015  Manual - 2015
http://rj.olx.com.br/rio-de-janeiro-e-regiao/veiculos-e-pecas/carros/j3-turin-s-1-5-jetflex-2015-manual-427026176
10.986 km | Câmbio: manual | Flex
R$ 32.000
08/01/2018 11:11

Renault Clio Completão, Muito novo, Apenas 18 mil rodados - 2016
http://rj.olx.com.br/rio-de-janeiro-e-regiao/veiculos-e-pecas/carros/renault-clio-completao-muito-novo-apenas-18-mil-rodados-435193010
18.000 km | Câmbio: manual | Flex
R$ 26.900
08/01/2018 10:27

Renault Clio Completão, Muito novo, Apenas 18 mil rodados - 2016
http://rj.olx.com.br/rio-de-janeiro-e-regiao/veiculos-e-pecas/carros/renault-clio-completao-muito-novo-apenas-18-mil-rodados-435193010
18.000 km | Câmbio: manual | Flex
R$ 26.900
08/01/2018 10:27

Onix LTZ 1.4 Flex - 2017 - Particular - 2017
http://rj.olx.com.br/rio-de-janeiro-e-regiao/veiculos-e-pecas/carros/onix-ltz-1-4-flex-2017-particular-435189148
5.200 km | Câmbio: manual | Flex
R$ 37.200
08/01/2018 10:21

Renault Clio Expression Completão Com Apenas 18,000 Km rodados - 2016
http://rj.olx.com.br/rio-de-janeiro-e-regiao/veiculos-e-pecas/carros/renault-clio-expression-completao-com-apenas-18-000-km-rodados-435183961
18.000 km | Câmbio: manual | Flex
R$ 26.000
08/01/2018 10:10

Siena El 1.0 flex 8v 4 portas com 10.000 km - 2016
http://rj.olx.com.br/rio-de-janeiro-e-regiao/veiculos-e-pecas/carros/siena-el-1-0-flex-8v-4-portas-com-10-000-km-435183012
10.000 km | Câmbio: manual | Flex
R$ 34.990
08/01/2018 10:08

Fiesta 1.6 SE 2017 completo - 2017
http://rj.olx.com.br/rio-de-janeiro-e-regiao/veiculos-e-pecas/carros/fiesta-1-6-se-2017-completo-428180706
9.000 km | Câmbio: manual | Flex
R$ 33.000
08/01/2018 10:05

NISSAN MARCH 2016/2017 1.0 S 12V FLEX 4P MANUAL - 2017
http://rj.olx.com.br/rio-de-janeiro-e-regiao/veiculos-e-pecas/carros/nissan-march-2016-2017-1-0-s-12v-flex-4p-manual-353329423
13.773 km | Câmbio: manual | Flex
R$ 34.990
08/01/2018 08:04

NISSAN MARCH 2016/2017 1.0 S 12V FLEX 4P MANUAL - 2017
http://rj.olx.com.br/rio-de-janeiro-e-regiao/veiculos-e-pecas/carros/nissan-march-2016-2017-1-0-s-12v-flex-4p-manual-347305589
19.344 km | Câmbio: manual | Flex
R$ 34.990
08/01/2018 08:04

Hb20 Semi novo - 2015
http://rj.olx.com.br/serra-angra-dos-reis-e-regiao/veiculos-e-pecas/carros/hb20-semi-novo-435138520
15.650 km | Câmbio: manual | Flex
R$ 35.000
08/01/2018 08:01

Volkswagen Gol 1.0 Mi 8V G6 Flex. 4p - 2016
http://rj.olx.com.br/norte-do-estado-do-rio/veiculos-e-pecas/carros/volkswagen-gol-1-0-mi-8v-g6-flex-4p-434164601
18.000 km | Câmbio: manual | Flex
R$ 36.900
08/01/2018 07:42

Ford Ecosport - 2017
http://rj.olx.com.br/rio-de-janeiro-e-regiao/veiculos-e-pecas/carros/ford-ecosport-435133286
5.000 km | Câmbio: manual | Gás Natural
R$ 39.000
08/01/2018 07:38

MARCH S 1.0 16V Flex Fuel 5p - 2017
http://rj.olx.com.br/norte-do-estado-do-rio/veiculos-e-pecas/carros/march-s-1-0-16v-flex-fuel-5p-425611538
15.000 km | Câmbio: manual | Flex
R$ 32.990
08/01/2018 07:37

Volkswagen up! take up! 1.0 4p - 2017
http://rj.olx.com.br/rio-de-janeiro-e-regiao/veiculos-e-pecas/carros/volkswagen-up-take-up-1-0-4p-433861159
8.900 km | Câmbio: manual | Flex
R$ 37.900
08/01/2018 07:31

Fiat Uno - 2016
http://rj.olx.com.br/rio-de-janeiro-e-regiao/veiculos-e-pecas/carros/fiat-uno-434297490
14.000 km | Câmbio: manual | Flex
R$ 33.900
08/01/2018 07:25

Fiat Uno - 2016
http://rj.olx.com.br/rio-de-janeiro-e-regiao/veiculos-e-pecas/carros/fiat-uno-434297490
14.000 km | Câmbio: manual | Flex
R$ 33.900
08/01/2018 07:25

Fiat MOBI - LIKE - 2017 - 2017
http://rj.olx.com.br/rio-de-janeiro-e-regiao/veiculos-e-pecas/carros/fiat-mobi-like-2017-372971723
11.000 km | Câmbio: manual | Flex
R$ 35.990
08/01/2018 07:24

CHEVROLET ONIX 2016/2016 1.0 MPFI LS 8V FLEX 4P MANUAL - 2016
http://rj.olx.com.br/rio-de-janeiro-e-regiao/veiculos-e-pecas/carros/chevrolet-onix-2016-2016-1-0-mpfi-ls-8v-flex-4p-manual-433496886
10.095 km | Câmbio: manual | Flex
R$ 37.990
08/01/2018 07:20

Logan 2017/2017 - 2017
http://rj.olx.com.br/rio-de-janeiro-e-regiao/veiculos-e-pecas/carros/logan-2017-2017-435113168
14.000 km | Câmbio: manual | Flex
R$ 39.600
08/01/2018 01:28

Gm - Chevrolet Onix - 2015
http://rj.olx.com.br/rio-de-janeiro-e-regiao/veiculos-e-pecas/carros/gm-chevrolet-onix-435107431
11.500 km | Câmbio: manual | Gasolina
R$ 39.000
08/01/2018 00:28

Fiat Punto Atractive 1.4 Completo Airbags ABS Som Mecanico Udono Apenas 20000km - 2015
http://rj.olx.com.br/rio-de-janeiro-e-regiao/veiculos-e-pecas/carros/fiat-punto-atractive-1-4-completo-airbags-abs-som-mecanico-udono-apenas-20000km-435097523
20.000 km | Câmbio: manual | Flex
R$ 37.900
07/01/2018 23:32

Hb20 - 2017
http://rj.olx.com.br/rio-de-janeiro-e-regiao/veiculos-e-pecas/carros/hb20-435076715
15.300 km | Câmbio: manual | Flex
R$ 38.900
07/01/2018 21:53

Vw - Volkswagen Up Run - 2016
http://rj.olx.com.br/norte-do-estado-do-rio/veiculos-e-pecas/carros/vw-volkswagen-up-run-435050790
6.200 km | Câmbio: manual | Flex
R$ 39.000
07/01/2018 20:30

New Fiesta - 2016
http://rj.olx.com.br/rio-de-janeiro-e-regiao/veiculos-e-pecas/carros/new-fiesta-435028341
10.000 km | Câmbio: manual | Flex
R$ 38.000
07/01/2018 19:23

New Fiesta - 2016
http://rj.olx.com.br/rio-de-janeiro-e-regiao/veiculos-e-pecas/carros/new-fiesta-435028341
10.000 km | Câmbio: manual | Flex
R$ 38.000
07/01/2018 19:23

Onix 1.0 2016 flex/Gnv/Multimídia - 2016
http://rj.olx.com.br/rio-de-janeiro-e-regiao/veiculos-e-pecas/carros/onix-1-0-2016-flex-gnv-multimidia-435027398
14.000 km | Câmbio: manual | Flex
R$ 28.900
07/01/2018 19:20

Peugeot 207 - 2015
http://rj.olx.com.br/rio-de-janeiro-e-regiao/veiculos-e-pecas/carros/peugeot-207-435007109
17.500 km | Câmbio: manual | Flex
R$ 24.000
07/01/2018 18:19

PUNTO ESSENCE 1.6 2015 único dono - 2015
http://rj.olx.com.br/rio-de-janeiro-e-regiao/veiculos-e-pecas/carros/punto-essence-1-6-2015-unico-dono-435002620
17.000 km | Câmbio: manual | Flex
R$ 27.990
07/01/2018 18:03

Logan - 2015
http://rj.olx.com.br/rio-de-janeiro-e-regiao/veiculos-e-pecas/carros/logan-434990103
18.000 km | Câmbio: manual | Flex
R$ 30.000
07/01/2018 17:24

Renault Logan 2017 - 2017
http://rj.olx.com.br/rio-de-janeiro-e-regiao/veiculos-e-pecas/carros/renault-logan-2017-434985213
16.500 km | Câmbio: manual | Flex
R$ 39.500
07/01/2018 17:09

Ônix LT 1.4 2017 - 6 marchas - Completo - Doc OK - 2017
http://rj.olx.com.br/rio-de-janeiro-e-regiao/veiculos-e-pecas/carros/onix-lt-1-4-2017-6-marchas-completo-doc-ok-434970538
9.400 km | Câmbio: manual | Álcool
R$ 38.500
07/01/2018 16:28

Up take mvc 2017/ 2018 - 2017
http://rj.olx.com.br/rio-de-janeiro-e-regiao/veiculos-e-pecas/carros/up-take-mvc-2017-2018-434951542
5.000 km | Câmbio: manual | Flex
R$ 37.000
07/01/2018 15:28

Renault Clio - 2016
http://rj.olx.com.br/rio-de-janeiro-e-regiao/veiculos-e-pecas/carros/renault-clio-413564396
20.000 km | Câmbio: manual | Flex
R$ 24.500
07/01/2018 15:03

Gm - Chevrolet Onix 2015 novo - 2016
http://rj.olx.com.br/rio-de-janeiro-e-regiao/veiculos-e-pecas/carros/gm-chevrolet-onix-2015-novo-434930219
18.000 km | Câmbio: manual | Gás Natural
R$ 34.000
07/01/2018 14:25

Up muito novo - 2016
http://rj.olx.com.br/norte-do-estado-do-rio/veiculos-e-pecas/carros/up-muito-novo-434913596
6.794 km | Câmbio: manual | Flex
R$ 35.500
07/01/2018 13:43

Up muito novo - 2016
http://rj.olx.com.br/norte-do-estado-do-rio/veiculos-e-pecas/carros/up-muito-novo-434913596
6.794 km | Câmbio: manual | Flex
R$ 35.500
07/01/2018 13:43

Hyundai Hb20s 1.6 Automatico 2016/2016, Apenas 6.000 KM - Assumir Financiamento - 2016
http://rj.olx.com.br/rio-de-janeiro-e-regiao/veiculos-e-pecas/carros/hyundai-hb20s-1-6-automatico-2016-2016-apenas-6-000-km-assumir-financiamento-419404758
6.000 km | Câmbio: automático | Flex
R$ 23.500
07/01/2018 13:06

Gm - Chevrolet Onix LT 1.0, 2º dono, 16.000Km, novíssimo - 2015
http://rj.olx.com.br/rio-de-janeiro-e-regiao/veiculos-e-pecas/carros/gm-chevrolet-onix-lt-1-0-2-dono-16-000km-novissimo-434892463
16.000 km | Câmbio: manual | Flex
R$ 29.900
07/01/2018 12:48

Hyundai Hb20s confort style 2017 com 7 mil km originais - 2017
http://rj.olx.com.br/rio-de-janeiro-e-regiao/veiculos-e-pecas/carros/hyundai-hb20s-confort-style-2017-com-7-mil-km-originais-430523231
7.502 km | Câmbio: manual | Flex
R$ 37.500
07/01/2018 12:10

Gol 2015 completo com apenas 8 mil KM - 2015
http://rj.olx.com.br/serra-angra-dos-reis-e-regiao/veiculos-e-pecas/carros/gol-2015-completo-com-apenas-8-mil-km-434875053
8.000 km | Câmbio: manual | Flex
R$ 32.500
07/01/2018 11:56

Nissan March 1.6 s 16v flex 4p manual - 2016
http://rj.olx.com.br/rio-de-janeiro-e-regiao/veiculos-e-pecas/carros/nissan-march-1-6-s-16v-flex-4p-manual-434860582
14.600 km | Câmbio: manual | Flex
R$ 35.990
07/01/2018 11:11

Vw - Volkswagen Fox highline 1.6 kit gás 5 geração 2017 vistoriado 20.000 km rodados - 2016
http://rj.olx.com.br/rio-de-janeiro-e-regiao/veiculos-e-pecas/carros/vw-volkswagen-fox-highline-1-6-kit-gas-5-geracao-2017-vistoriado-20-000-km-rodados-434851880
20.000 km | Câmbio: manual | Gás Natural
R$ 36.900
07/01/2018 10:44

Vw - Volkswagen Gol Rock In Rio - 2016
http://rj.olx.com.br/rio-de-janeiro-e-regiao/veiculos-e-pecas/carros/vw-volkswagen-gol-rock-in-rio-416889122
19.500 km | Câmbio: manual | Flex
R$ 36.500
07/01/2018 10:23

Kia Motors Picanto - 2016
http://rj.olx.com.br/rio-de-janeiro-e-regiao/veiculos-e-pecas/carros/kia-motors-picanto-434821201
11.880 km | Câmbio: manual | Flex
R$ 30.000
07/01/2018 08:44

Fiat Palio attractive 2017 ( tratar com o proprietário) - 2017
http://rj.olx.com.br/rio-de-janeiro-e-regiao/veiculos-e-pecas/carros/fiat-palio-attractive-2017-tratar-com-o-proprietario-434813892
15.000 km | Câmbio: manual | Flex
R$ 33.500
07/01/2018 07:55

Novo Prisma 1.4LT - 2017
http://rj.olx.com.br/rio-de-janeiro-e-regiao/veiculos-e-pecas/carros/novo-prisma-1-4lt-434811751
20.000 km | Câmbio: manual | Flex
R$ 39.990
07/01/2018 07:33

